# Logfile created on Wed Jan 20 16:54:21 -0800 2010

Processing ScoreboardController#index (for 208.82.64.21 at 2010-01-20 16:54:22) [GET]


Processing ScoreboardController#index (for 208.82.64.21 at 2010-01-20 16:54:22) [GET]


MissingSourceFile (no such file to load -- sqlite3):
    /usr/local/lib/site_ruby/1.8/rubygems/custom_require.rb:31:in `gem_original_require'
    /usr/local/lib/site_ruby/1.8/rubygems/custom_require.rb:31:in `require'
    /usr/lib/ruby/gems/1.8/gems/activesupport-2.2.2/lib/active_support/dependencies.rb:155:in `require'
    /usr/lib/ruby/gems/1.8/gems/activesupport-2.2.2/lib/active_support/core_ext/kernel/requires.rb:7:in `require_library_or_gem'
    /usr/lib/ruby/gems/1.8/gems/activesupport-2.2.2/lib/active_support/core_ext/kernel/reporting.rb:11:in `silence_warnings'
    /usr/lib/ruby/gems/1.8/gems/activesupport-2.2.2/lib/active_support/core_ext/kernel/requires.rb:5:in `require_library_or_gem'
    /usr/lib/ruby/gems/1.8/gems/activerecord-2.2.2/lib/active_record/connection_adapters/sqlite3_adapter.rb:10:in `sqlite3_connection'
    /usr/lib/ruby/gems/1.8/gems/activerecord-2.2.2/lib/active_record/connection_adapters/abstract/connection_pool.rb:223:in `send'
    /usr/lib/ruby/gems/1.8/gems/activerecord-2.2.2/lib/active_record/connection_adapters/abstract/connection_pool.rb:223:in `new_connection'
    /usr/lib/ruby/gems/1.8/gems/activerecord-2.2.2/lib/active_record/connection_adapters/abstract/connection_pool.rb:245:in `checkout_new_connection'
    /usr/lib/ruby/gems/1.8/gems/activerecord-2.2.2/lib/active_record/connection_adapters/abstract/connection_pool.rb:188:in `checkout'
    /usr/lib/ruby/gems/1.8/gems/activerecord-2.2.2/lib/active_record/connection_adapters/abstract/connection_pool.rb:184:in `loop'
    /usr/lib/ruby/gems/1.8/gems/activerecord-2.2.2/lib/active_record/connection_adapters/abstract/connection_pool.rb:184:in `checkout'
    /usr/lib/ruby/1.8/monitor.rb:242:in `synchronize'
    /usr/lib/ruby/gems/1.8/gems/activerecord-2.2.2/lib/active_record/connection_adapters/abstract/connection_pool.rb:183:in `checkout'
    /usr/lib/ruby/gems/1.8/gems/activerecord-2.2.2/lib/active_record/connection_adapters/abstract/connection_pool.rb:98:in `connection'
    /usr/lib/ruby/gems/1.8/gems/activerecord-2.2.2/lib/active_record/connection_adapters/abstract/connection_pool.rb:326:in `retrieve_connection'
    /usr/lib/ruby/gems/1.8/gems/activerecord-2.2.2/lib/active_record/connection_adapters/abstract/connection_specification.rb:121:in `retrieve_connection'
    /usr/lib/ruby/gems/1.8/gems/activerecord-2.2.2/lib/active_record/connection_adapters/abstract/connection_specification.rb:113:in `connection'
    /usr/lib/ruby/gems/1.8/gems/activerecord-2.2.2/lib/active_record/query_cache.rb:8:in `cache'
    /usr/lib/ruby/gems/1.8/gems/actionpack-2.2.2/lib/action_controller/caching/sql_cache.rb:12:in `passenger_orig_perform_action'
    /dh/passenger/lib/phusion_passenger/railz/request_handler.rb:65:in `perform_action'
    /usr/lib/ruby/gems/1.8/gems/actionpack-2.2.2/lib/action_controller/base.rb:524:in `send'
    /usr/lib/ruby/gems/1.8/gems/actionpack-2.2.2/lib/action_controller/base.rb:524:in `process_without_filters'
    /usr/lib/ruby/gems/1.8/gems/actionpack-2.2.2/lib/action_controller/filters.rb:606:in `process_without_session_management_support'
    /usr/lib/ruby/gems/1.8/gems/actionpack-2.2.2/lib/action_controller/session_management.rb:134:in `process'
    /usr/lib/ruby/gems/1.8/gems/actionpack-2.2.2/lib/action_controller/base.rb:392:in `process'
    /usr/lib/ruby/gems/1.8/gems/actionpack-2.2.2/lib/action_controller/dispatcher.rb:183:in `handle_request'
    /usr/lib/ruby/gems/1.8/gems/actionpack-2.2.2/lib/action_controller/dispatcher.rb:110:in `dispatch_unlocked'
    /usr/lib/ruby/gems/1.8/gems/actionpack-2.2.2/lib/action_controller/dispatcher.rb:123:in `dispatch'
    /usr/lib/ruby/gems/1.8/gems/actionpack-2.2.2/lib/action_controller/dispatcher.rb:122:in `synchronize'
    /usr/lib/ruby/gems/1.8/gems/actionpack-2.2.2/lib/action_controller/dispatcher.rb:122:in `dispatch'
    /usr/lib/ruby/gems/1.8/gems/actionpack-2.2.2/lib/action_controller/dispatcher.rb:132:in `dispatch_cgi'
    /usr/lib/ruby/gems/1.8/gems/actionpack-2.2.2/lib/action_controller/dispatcher.rb:39:in `dispatch'
    /dh/passenger/lib/phusion_passenger/railz/request_handler.rb:50:in `process_request'
    /dh/passenger/lib/phusion_passenger/abstract_request_handler.rb:207:in `main_loop'
    /dh/passenger/lib/phusion_passenger/railz/application_spawner.rb:374:in `start_request_handler'
    /dh/passenger/lib/phusion_passenger/railz/application_spawner.rb:332:in `handle_spawn_application'
    /dh/passenger/lib/phusion_passenger/utils.rb:184:in `safe_fork'
    /dh/passenger/lib/phusion_passenger/railz/application_spawner.rb:330:in `handle_spawn_application'
    /dh/passenger/lib/phusion_passenger/abstract_server.rb:352:in `__send__'
    /dh/passenger/lib/phusion_passenger/abstract_server.rb:352:in `main_loop'
    /dh/passenger/lib/phusion_passenger/abstract_server.rb:196:in `start_synchronously'
    /dh/passenger/lib/phusion_passenger/abstract_server.rb:163:in `start'
    /dh/passenger/lib/phusion_passenger/railz/application_spawner.rb:209:in `start'
    /dh/passenger/lib/phusion_passenger/spawn_manager.rb:262:in `spawn_rails_application'
    /dh/passenger/lib/phusion_passenger/abstract_server_collection.rb:126:in `lookup_or_add'
    /dh/passenger/lib/phusion_passenger/spawn_manager.rb:256:in `spawn_rails_application'
    /dh/passenger/lib/phusion_passenger/abstract_server_collection.rb:80:in `synchronize'
    /dh/passenger/lib/phusion_passenger/abstract_server_collection.rb:79:in `synchronize'
    /dh/passenger/lib/phusion_passenger/spawn_manager.rb:255:in `spawn_rails_application'
    /dh/passenger/lib/phusion_passenger/spawn_manager.rb:154:in `spawn_application'
    /dh/passenger/lib/phusion_passenger/spawn_manager.rb:287:in `handle_spawn_application'
    /dh/passenger/lib/phusion_passenger/abstract_server.rb:352:in `__send__'
    /dh/passenger/lib/phusion_passenger/abstract_server.rb:352:in `main_loop'
    /dh/passenger/lib/phusion_passenger/abstract_server.rb:196:in `start_synchronously'
    /dh/passenger/bin/passenger-spawn-server:61

Rendering /home/timothyf/baseball.timothyfisher.com/public/500.html (500 Internal Server Error)


Processing ScoreboardController#index (for 208.82.64.21 at 2010-01-20 16:54:51) [GET]


Processing ScoreboardController#index (for 208.82.64.21 at 2010-01-20 16:54:51) [GET]


MissingSourceFile (no such file to load -- sqlite3):
    /usr/local/lib/site_ruby/1.8/rubygems/custom_require.rb:31:in `gem_original_require'
    /usr/local/lib/site_ruby/1.8/rubygems/custom_require.rb:31:in `require'
    /usr/lib/ruby/gems/1.8/gems/activesupport-2.2.2/lib/active_support/dependencies.rb:155:in `require'
    /usr/lib/ruby/gems/1.8/gems/activesupport-2.2.2/lib/active_support/core_ext/kernel/requires.rb:7:in `require_library_or_gem'
    /usr/lib/ruby/gems/1.8/gems/activesupport-2.2.2/lib/active_support/core_ext/kernel/reporting.rb:11:in `silence_warnings'
    /usr/lib/ruby/gems/1.8/gems/activesupport-2.2.2/lib/active_support/core_ext/kernel/requires.rb:5:in `require_library_or_gem'
    /usr/lib/ruby/gems/1.8/gems/activerecord-2.2.2/lib/active_record/connection_adapters/sqlite3_adapter.rb:10:in `sqlite3_connection'
    /usr/lib/ruby/gems/1.8/gems/activerecord-2.2.2/lib/active_record/connection_adapters/abstract/connection_pool.rb:223:in `send'
    /usr/lib/ruby/gems/1.8/gems/activerecord-2.2.2/lib/active_record/connection_adapters/abstract/connection_pool.rb:223:in `new_connection'
    /usr/lib/ruby/gems/1.8/gems/activerecord-2.2.2/lib/active_record/connection_adapters/abstract/connection_pool.rb:245:in `checkout_new_connection'
    /usr/lib/ruby/gems/1.8/gems/activerecord-2.2.2/lib/active_record/connection_adapters/abstract/connection_pool.rb:188:in `checkout'
    /usr/lib/ruby/gems/1.8/gems/activerecord-2.2.2/lib/active_record/connection_adapters/abstract/connection_pool.rb:184:in `loop'
    /usr/lib/ruby/gems/1.8/gems/activerecord-2.2.2/lib/active_record/connection_adapters/abstract/connection_pool.rb:184:in `checkout'
    /usr/lib/ruby/1.8/monitor.rb:242:in `synchronize'
    /usr/lib/ruby/gems/1.8/gems/activerecord-2.2.2/lib/active_record/connection_adapters/abstract/connection_pool.rb:183:in `checkout'
    /usr/lib/ruby/gems/1.8/gems/activerecord-2.2.2/lib/active_record/connection_adapters/abstract/connection_pool.rb:98:in `connection'
    /usr/lib/ruby/gems/1.8/gems/activerecord-2.2.2/lib/active_record/connection_adapters/abstract/connection_pool.rb:326:in `retrieve_connection'
    /usr/lib/ruby/gems/1.8/gems/activerecord-2.2.2/lib/active_record/connection_adapters/abstract/connection_specification.rb:121:in `retrieve_connection'
    /usr/lib/ruby/gems/1.8/gems/activerecord-2.2.2/lib/active_record/connection_adapters/abstract/connection_specification.rb:113:in `connection'
    /usr/lib/ruby/gems/1.8/gems/activerecord-2.2.2/lib/active_record/query_cache.rb:8:in `cache'
    /usr/lib/ruby/gems/1.8/gems/actionpack-2.2.2/lib/action_controller/caching/sql_cache.rb:12:in `passenger_orig_perform_action'
    /dh/passenger/lib/phusion_passenger/railz/request_handler.rb:65:in `perform_action'
    /usr/lib/ruby/gems/1.8/gems/actionpack-2.2.2/lib/action_controller/base.rb:524:in `send'
    /usr/lib/ruby/gems/1.8/gems/actionpack-2.2.2/lib/action_controller/base.rb:524:in `process_without_filters'
    /usr/lib/ruby/gems/1.8/gems/actionpack-2.2.2/lib/action_controller/filters.rb:606:in `process_without_session_management_support'
    /usr/lib/ruby/gems/1.8/gems/actionpack-2.2.2/lib/action_controller/session_management.rb:134:in `process'
    /usr/lib/ruby/gems/1.8/gems/actionpack-2.2.2/lib/action_controller/base.rb:392:in `process'
    /usr/lib/ruby/gems/1.8/gems/actionpack-2.2.2/lib/action_controller/dispatcher.rb:183:in `handle_request'
    /usr/lib/ruby/gems/1.8/gems/actionpack-2.2.2/lib/action_controller/dispatcher.rb:110:in `dispatch_unlocked'
    /usr/lib/ruby/gems/1.8/gems/actionpack-2.2.2/lib/action_controller/dispatcher.rb:123:in `dispatch'
    /usr/lib/ruby/gems/1.8/gems/actionpack-2.2.2/lib/action_controller/dispatcher.rb:122:in `synchronize'
    /usr/lib/ruby/gems/1.8/gems/actionpack-2.2.2/lib/action_controller/dispatcher.rb:122:in `dispatch'
    /usr/lib/ruby/gems/1.8/gems/actionpack-2.2.2/lib/action_controller/dispatcher.rb:132:in `dispatch_cgi'
    /usr/lib/ruby/gems/1.8/gems/actionpack-2.2.2/lib/action_controller/dispatcher.rb:39:in `dispatch'
    /dh/passenger/lib/phusion_passenger/railz/request_handler.rb:50:in `process_request'
    /dh/passenger/lib/phusion_passenger/abstract_request_handler.rb:207:in `main_loop'
    /dh/passenger/lib/phusion_passenger/railz/application_spawner.rb:374:in `start_request_handler'
    /dh/passenger/lib/phusion_passenger/railz/application_spawner.rb:332:in `handle_spawn_application'
    /dh/passenger/lib/phusion_passenger/utils.rb:184:in `safe_fork'
    /dh/passenger/lib/phusion_passenger/railz/application_spawner.rb:330:in `handle_spawn_application'
    /dh/passenger/lib/phusion_passenger/abstract_server.rb:352:in `__send__'
    /dh/passenger/lib/phusion_passenger/abstract_server.rb:352:in `main_loop'
    /dh/passenger/lib/phusion_passenger/abstract_server.rb:196:in `start_synchronously'
    /dh/passenger/lib/phusion_passenger/abstract_server.rb:163:in `start'
    /dh/passenger/lib/phusion_passenger/railz/application_spawner.rb:209:in `start'
    /dh/passenger/lib/phusion_passenger/spawn_manager.rb:262:in `spawn_rails_application'
    /dh/passenger/lib/phusion_passenger/abstract_server_collection.rb:126:in `lookup_or_add'
    /dh/passenger/lib/phusion_passenger/spawn_manager.rb:256:in `spawn_rails_application'
    /dh/passenger/lib/phusion_passenger/abstract_server_collection.rb:80:in `synchronize'
    /dh/passenger/lib/phusion_passenger/abstract_server_collection.rb:79:in `synchronize'
    /dh/passenger/lib/phusion_passenger/spawn_manager.rb:255:in `spawn_rails_application'
    /dh/passenger/lib/phusion_passenger/spawn_manager.rb:154:in `spawn_application'
    /dh/passenger/lib/phusion_passenger/spawn_manager.rb:287:in `handle_spawn_application'
    /dh/passenger/lib/phusion_passenger/abstract_server.rb:352:in `__send__'
    /dh/passenger/lib/phusion_passenger/abstract_server.rb:352:in `main_loop'
    /dh/passenger/lib/phusion_passenger/abstract_server.rb:196:in `start_synchronously'
    /dh/passenger/bin/passenger-spawn-server:61

Rendering /home/timothyf/baseball.timothyfisher.com/public/500.html (500 Internal Server Error)


Processing ScoreboardController#index (for 208.82.64.21 at 2010-01-20 16:55:00) [GET]


Processing ScoreboardController#index (for 208.82.64.21 at 2010-01-20 16:55:00) [GET]


MissingSourceFile (no such file to load -- sqlite3):
    /usr/local/lib/site_ruby/1.8/rubygems/custom_require.rb:31:in `gem_original_require'
    /usr/local/lib/site_ruby/1.8/rubygems/custom_require.rb:31:in `require'
    /usr/lib/ruby/gems/1.8/gems/activesupport-2.2.2/lib/active_support/dependencies.rb:155:in `require'
    /usr/lib/ruby/gems/1.8/gems/activesupport-2.2.2/lib/active_support/core_ext/kernel/requires.rb:7:in `require_library_or_gem'
    /usr/lib/ruby/gems/1.8/gems/activesupport-2.2.2/lib/active_support/core_ext/kernel/reporting.rb:11:in `silence_warnings'
    /usr/lib/ruby/gems/1.8/gems/activesupport-2.2.2/lib/active_support/core_ext/kernel/requires.rb:5:in `require_library_or_gem'
    /usr/lib/ruby/gems/1.8/gems/activerecord-2.2.2/lib/active_record/connection_adapters/sqlite3_adapter.rb:10:in `sqlite3_connection'
    /usr/lib/ruby/gems/1.8/gems/activerecord-2.2.2/lib/active_record/connection_adapters/abstract/connection_pool.rb:223:in `send'
    /usr/lib/ruby/gems/1.8/gems/activerecord-2.2.2/lib/active_record/connection_adapters/abstract/connection_pool.rb:223:in `new_connection'
    /usr/lib/ruby/gems/1.8/gems/activerecord-2.2.2/lib/active_record/connection_adapters/abstract/connection_pool.rb:245:in `checkout_new_connection'
    /usr/lib/ruby/gems/1.8/gems/activerecord-2.2.2/lib/active_record/connection_adapters/abstract/connection_pool.rb:188:in `checkout'
    /usr/lib/ruby/gems/1.8/gems/activerecord-2.2.2/lib/active_record/connection_adapters/abstract/connection_pool.rb:184:in `loop'
    /usr/lib/ruby/gems/1.8/gems/activerecord-2.2.2/lib/active_record/connection_adapters/abstract/connection_pool.rb:184:in `checkout'
    /usr/lib/ruby/1.8/monitor.rb:242:in `synchronize'
    /usr/lib/ruby/gems/1.8/gems/activerecord-2.2.2/lib/active_record/connection_adapters/abstract/connection_pool.rb:183:in `checkout'
    /usr/lib/ruby/gems/1.8/gems/activerecord-2.2.2/lib/active_record/connection_adapters/abstract/connection_pool.rb:98:in `connection'
    /usr/lib/ruby/gems/1.8/gems/activerecord-2.2.2/lib/active_record/connection_adapters/abstract/connection_pool.rb:326:in `retrieve_connection'
    /usr/lib/ruby/gems/1.8/gems/activerecord-2.2.2/lib/active_record/connection_adapters/abstract/connection_specification.rb:121:in `retrieve_connection'
    /usr/lib/ruby/gems/1.8/gems/activerecord-2.2.2/lib/active_record/connection_adapters/abstract/connection_specification.rb:113:in `connection'
    /usr/lib/ruby/gems/1.8/gems/activerecord-2.2.2/lib/active_record/query_cache.rb:8:in `cache'
    /usr/lib/ruby/gems/1.8/gems/actionpack-2.2.2/lib/action_controller/caching/sql_cache.rb:12:in `passenger_orig_perform_action'
    /dh/passenger/lib/phusion_passenger/railz/request_handler.rb:65:in `perform_action'
    /usr/lib/ruby/gems/1.8/gems/actionpack-2.2.2/lib/action_controller/base.rb:524:in `send'
    /usr/lib/ruby/gems/1.8/gems/actionpack-2.2.2/lib/action_controller/base.rb:524:in `process_without_filters'
    /usr/lib/ruby/gems/1.8/gems/actionpack-2.2.2/lib/action_controller/filters.rb:606:in `process_without_session_management_support'
    /usr/lib/ruby/gems/1.8/gems/actionpack-2.2.2/lib/action_controller/session_management.rb:134:in `process'
    /usr/lib/ruby/gems/1.8/gems/actionpack-2.2.2/lib/action_controller/base.rb:392:in `process'
    /usr/lib/ruby/gems/1.8/gems/actionpack-2.2.2/lib/action_controller/dispatcher.rb:183:in `handle_request'
    /usr/lib/ruby/gems/1.8/gems/actionpack-2.2.2/lib/action_controller/dispatcher.rb:110:in `dispatch_unlocked'
    /usr/lib/ruby/gems/1.8/gems/actionpack-2.2.2/lib/action_controller/dispatcher.rb:123:in `dispatch'
    /usr/lib/ruby/gems/1.8/gems/actionpack-2.2.2/lib/action_controller/dispatcher.rb:122:in `synchronize'
    /usr/lib/ruby/gems/1.8/gems/actionpack-2.2.2/lib/action_controller/dispatcher.rb:122:in `dispatch'
    /usr/lib/ruby/gems/1.8/gems/actionpack-2.2.2/lib/action_controller/dispatcher.rb:132:in `dispatch_cgi'
    /usr/lib/ruby/gems/1.8/gems/actionpack-2.2.2/lib/action_controller/dispatcher.rb:39:in `dispatch'
    /dh/passenger/lib/phusion_passenger/railz/request_handler.rb:50:in `process_request'
    /dh/passenger/lib/phusion_passenger/abstract_request_handler.rb:207:in `main_loop'
    /dh/passenger/lib/phusion_passenger/railz/application_spawner.rb:374:in `start_request_handler'
    /dh/passenger/lib/phusion_passenger/railz/application_spawner.rb:332:in `handle_spawn_application'
    /dh/passenger/lib/phusion_passenger/utils.rb:184:in `safe_fork'
    /dh/passenger/lib/phusion_passenger/railz/application_spawner.rb:330:in `handle_spawn_application'
    /dh/passenger/lib/phusion_passenger/abstract_server.rb:352:in `__send__'
    /dh/passenger/lib/phusion_passenger/abstract_server.rb:352:in `main_loop'
    /dh/passenger/lib/phusion_passenger/abstract_server.rb:196:in `start_synchronously'
    /dh/passenger/lib/phusion_passenger/abstract_server.rb:163:in `start'
    /dh/passenger/lib/phusion_passenger/railz/application_spawner.rb:209:in `start'
    /dh/passenger/lib/phusion_passenger/spawn_manager.rb:262:in `spawn_rails_application'
    /dh/passenger/lib/phusion_passenger/abstract_server_collection.rb:126:in `lookup_or_add'
    /dh/passenger/lib/phusion_passenger/spawn_manager.rb:256:in `spawn_rails_application'
    /dh/passenger/lib/phusion_passenger/abstract_server_collection.rb:80:in `synchronize'
    /dh/passenger/lib/phusion_passenger/abstract_server_collection.rb:79:in `synchronize'
    /dh/passenger/lib/phusion_passenger/spawn_manager.rb:255:in `spawn_rails_application'
    /dh/passenger/lib/phusion_passenger/spawn_manager.rb:154:in `spawn_application'
    /dh/passenger/lib/phusion_passenger/spawn_manager.rb:287:in `handle_spawn_application'
    /dh/passenger/lib/phusion_passenger/abstract_server.rb:352:in `__send__'
    /dh/passenger/lib/phusion_passenger/abstract_server.rb:352:in `main_loop'
    /dh/passenger/lib/phusion_passenger/abstract_server.rb:196:in `start_synchronously'
    /dh/passenger/bin/passenger-spawn-server:61

Rendering /home/timothyf/baseball.timothyfisher.com/public/500.html (500 Internal Server Error)
